running egg_info
creating ../build/dynamic_planner/dynamic_planner.egg-info
writing ../build/dynamic_planner/dynamic_planner.egg-info/PKG-INFO
writing dependency_links to ../build/dynamic_planner/dynamic_planner.egg-info/dependency_links.txt
writing entry points to ../build/dynamic_planner/dynamic_planner.egg-info/entry_points.txt
writing requirements to ../build/dynamic_planner/dynamic_planner.egg-info/requires.txt
writing top-level names to ../build/dynamic_planner/dynamic_planner.egg-info/top_level.txt
writing manifest file '../build/dynamic_planner/dynamic_planner.egg-info/SOURCES.txt'
reading manifest file '../build/dynamic_planner/dynamic_planner.egg-info/SOURCES.txt'
writing manifest file '../build/dynamic_planner/dynamic_planner.egg-info/SOURCES.txt'
running build
running build_py
creating /home/nahom/Dynamic-Path-Planning-Robot-In-Crowded-Environment/src/build/dynamic_planner/build
creating /home/nahom/Dynamic-Path-Planning-Robot-In-Crowded-Environment/src/build/dynamic_planner/build/lib
creating /home/nahom/Dynamic-Path-Planning-Robot-In-Crowded-Environment/src/build/dynamic_planner/build/lib/dynamic_planner
copying dynamic_planner/__init__.py -> /home/nahom/Dynamic-Path-Planning-Robot-In-Crowded-Environment/src/build/dynamic_planner/build/lib/dynamic_planner
running install
running install_lib
creating /home/nahom/Dynamic-Path-Planning-Robot-In-Crowded-Environment/src/install/dynamic_planner/lib/python3.10/site-packages/dynamic_planner
copying /home/nahom/Dynamic-Path-Planning-Robot-In-Crowded-Environment/src/build/dynamic_planner/build/lib/dynamic_planner/__init__.py -> /home/nahom/Dynamic-Path-Planning-Robot-In-Crowded-Environment/src/install/dynamic_planner/lib/python3.10/site-packages/dynamic_planner
byte-compiling /home/nahom/Dynamic-Path-Planning-Robot-In-Crowded-Environment/src/install/dynamic_planner/lib/python3.10/site-packages/dynamic_planner/__init__.py to __init__.cpython-310.pyc
running install_data
creating /home/nahom/Dynamic-Path-Planning-Robot-In-Crowded-Environment/src/install/dynamic_planner/share/ament_index
creating /home/nahom/Dynamic-Path-Planning-Robot-In-Crowded-Environment/src/install/dynamic_planner/share/ament_index/resource_index
creating /home/nahom/Dynamic-Path-Planning-Robot-In-Crowded-Environment/src/install/dynamic_planner/share/ament_index/resource_index/packages
copying resource/dynamic_planner -> /home/nahom/Dynamic-Path-Planning-Robot-In-Crowded-Environment/src/install/dynamic_planner/share/ament_index/resource_index/packages
copying package.xml -> /home/nahom/Dynamic-Path-Planning-Robot-In-Crowded-Environment/src/install/dynamic_planner/share/dynamic_planner
running install_egg_info
Copying ../build/dynamic_planner/dynamic_planner.egg-info to /home/nahom/Dynamic-Path-Planning-Robot-In-Crowded-Environment/src/install/dynamic_planner/lib/python3.10/site-packages/dynamic_planner-0.0.0-py3.10.egg-info
running install_scripts
writing list of installed files to '/home/nahom/Dynamic-Path-Planning-Robot-In-Crowded-Environment/src/build/dynamic_planner/install.log'
