[1.843s] Invoking command in '/home/nahom/Dynamic-Path-Planning-Robot-In-Crowded-Environment/src/dynamic_planner': PYTHONPATH=/home/nahom/Dynamic-Path-Planning-Robot-In-Crowded-Environment/src/build/dynamic_planner/prefix_override:/usr/lib/python3/dist-packages/colcon_core/task/python/colcon_distutils_commands:/home/nahom/Dynamic-Path-Planning-Robot-In-Crowded-Environment/src/install/dynamic_planner/lib/python3.10/site-packages:${PYTHONPATH} /usr/bin/python3 -W ignore:setup.py install is deprecated -W ignore:easy_install command is deprecated setup.py egg_info --egg-base ../build/dynamic_planner build --build-base /home/nahom/Dynamic-Path-Planning-Robot-In-Crowded-Environment/src/build/dynamic_planner/build install --record /home/nahom/Dynamic-Path-Planning-Robot-In-Crowded-Environment/src/build/dynamic_planner/install.log --single-version-externally-managed install_data
[2.445s] running egg_info
[2.446s] creating ../build/dynamic_planner/dynamic_planner.egg-info
[2.447s] writing ../build/dynamic_planner/dynamic_planner.egg-info/PKG-INFO
[2.447s] writing dependency_links to ../build/dynamic_planner/dynamic_planner.egg-info/dependency_links.txt
[2.447s] writing entry points to ../build/dynamic_planner/dynamic_planner.egg-info/entry_points.txt
[2.448s] writing requirements to ../build/dynamic_planner/dynamic_planner.egg-info/requires.txt
[2.448s] writing top-level names to ../build/dynamic_planner/dynamic_planner.egg-info/top_level.txt
[2.448s] writing manifest file '../build/dynamic_planner/dynamic_planner.egg-info/SOURCES.txt'
[2.452s] reading manifest file '../build/dynamic_planner/dynamic_planner.egg-info/SOURCES.txt'
[2.453s] writing manifest file '../build/dynamic_planner/dynamic_planner.egg-info/SOURCES.txt'
[2.453s] running build
[2.453s] running build_py
[2.454s] creating /home/nahom/Dynamic-Path-Planning-Robot-In-Crowded-Environment/src/build/dynamic_planner/build
[2.454s] creating /home/nahom/Dynamic-Path-Planning-Robot-In-Crowded-Environment/src/build/dynamic_planner/build/lib
[2.454s] creating /home/nahom/Dynamic-Path-Planning-Robot-In-Crowded-Environment/src/build/dynamic_planner/build/lib/dynamic_planner
[2.454s] copying dynamic_planner/__init__.py -> /home/nahom/Dynamic-Path-Planning-Robot-In-Crowded-Environment/src/build/dynamic_planner/build/lib/dynamic_planner
[2.455s] running install
[2.455s] running install_lib
[2.457s] creating /home/nahom/Dynamic-Path-Planning-Robot-In-Crowded-Environment/src/install/dynamic_planner/lib/python3.10/site-packages/dynamic_planner
[2.457s] copying /home/nahom/Dynamic-Path-Planning-Robot-In-Crowded-Environment/src/build/dynamic_planner/build/lib/dynamic_planner/__init__.py -> /home/nahom/Dynamic-Path-Planning-Robot-In-Crowded-Environment/src/install/dynamic_planner/lib/python3.10/site-packages/dynamic_planner
[2.458s] byte-compiling /home/nahom/Dynamic-Path-Planning-Robot-In-Crowded-Environment/src/install/dynamic_planner/lib/python3.10/site-packages/dynamic_planner/__init__.py to __init__.cpython-310.pyc
[2.458s] running install_data
[2.459s] creating /home/nahom/Dynamic-Path-Planning-Robot-In-Crowded-Environment/src/install/dynamic_planner/share/ament_index
[2.459s] creating /home/nahom/Dynamic-Path-Planning-Robot-In-Crowded-Environment/src/install/dynamic_planner/share/ament_index/resource_index
[2.459s] creating /home/nahom/Dynamic-Path-Planning-Robot-In-Crowded-Environment/src/install/dynamic_planner/share/ament_index/resource_index/packages
[2.460s] copying resource/dynamic_planner -> /home/nahom/Dynamic-Path-Planning-Robot-In-Crowded-Environment/src/install/dynamic_planner/share/ament_index/resource_index/packages
[2.460s] copying package.xml -> /home/nahom/Dynamic-Path-Planning-Robot-In-Crowded-Environment/src/install/dynamic_planner/share/dynamic_planner
[2.460s] running install_egg_info
[2.464s] Copying ../build/dynamic_planner/dynamic_planner.egg-info to /home/nahom/Dynamic-Path-Planning-Robot-In-Crowded-Environment/src/install/dynamic_planner/lib/python3.10/site-packages/dynamic_planner-0.0.0-py3.10.egg-info
[2.465s] running install_scripts
[2.501s] writing list of installed files to '/home/nahom/Dynamic-Path-Planning-Robot-In-Crowded-Environment/src/build/dynamic_planner/install.log'
[2.538s] Invoked command in '/home/nahom/Dynamic-Path-Planning-Robot-In-Crowded-Environment/src/dynamic_planner' returned '0': PYTHONPATH=/home/nahom/Dynamic-Path-Planning-Robot-In-Crowded-Environment/src/build/dynamic_planner/prefix_override:/usr/lib/python3/dist-packages/colcon_core/task/python/colcon_distutils_commands:/home/nahom/Dynamic-Path-Planning-Robot-In-Crowded-Environment/src/install/dynamic_planner/lib/python3.10/site-packages:${PYTHONPATH} /usr/bin/python3 -W ignore:setup.py install is deprecated -W ignore:easy_install command is deprecated setup.py egg_info --egg-base ../build/dynamic_planner build --build-base /home/nahom/Dynamic-Path-Planning-Robot-In-Crowded-Environment/src/build/dynamic_planner/build install --record /home/nahom/Dynamic-Path-Planning-Robot-In-Crowded-Environment/src/build/dynamic_planner/install.log --single-version-externally-managed install_data
